2019-01-07 22:00:47 INFO  Application:27 - Initialize demo .....
2019-01-07 22:00:47 INFO  Application:30 - Initialisation Complete....
2019-01-07 23:24:56 INFO  Application:27 - *****INITIALIZATION STARTED******
2019-01-07 23:24:56 INFO  Application:30 - *****INITIALIZATION COMPLETED******
2019-01-08 00:00:40 INFO  Application:32 - *****INITIALIZATION STARTED******
2019-01-08 00:00:40 INFO  Application:35 - *****INITIALIZATION COMPLETED******
2019-01-08 00:02:39 INFO  Application:32 - *****INITIALIZATION STARTED******
2019-01-08 00:02:39 INFO  Application:35 - *****INITIALIZATION COMPLETED******
2019-01-08 00:03:59 INFO  Application:32 - *****INITIALIZATION STARTED******
2019-01-08 00:03:59 INFO  Application:35 - *****INITIALIZATION COMPLETED******
2019-01-08 00:05:00 INFO  Application:32 - *****INITIALIZATION STARTED******
2019-01-08 00:05:00 INFO  Application:35 - *****INITIALIZATION COMPLETED******
2019-01-08 00:05:37 INFO  Application:32 - *****INITIALIZATION STARTED******
2019-01-08 00:05:37 INFO  Application:35 - *****INITIALIZATION COMPLETED******
2019-01-08 14:21:13 INFO  Application:34 - *****INITIALIZATION STARTED******
2019-01-08 14:21:13 INFO  Application:37 - *****INITIALIZATION COMPLETED******
2019-01-08 14:21:35 INFO  Application:34 - *****INITIALIZATION STARTED******
2019-01-08 14:21:35 INFO  Application:37 - *****INITIALIZATION COMPLETED******
2019-01-08 14:22:12 INFO  Application:34 - *****INITIALIZATION STARTED******
2019-01-08 14:22:12 INFO  Application:37 - *****INITIALIZATION COMPLETED******
2019-01-08 14:22:44 INFO  Application:34 - *****INITIALIZATION STARTED******
2019-01-08 14:22:44 INFO  Application:37 - *****INITIALIZATION COMPLETED******
2019-01-08 14:23:39 INFO  Application:34 - *****INITIALIZATION STARTED******
2019-01-08 14:23:39 INFO  Application:37 - *****INITIALIZATION COMPLETED******
2019-01-08 14:25:52 INFO  Application:35 - *****INITIALIZATION STARTED******
2019-01-08 14:25:52 INFO  Application:38 - *****INITIALIZATION COMPLETED******
2019-01-08 14:27:16 INFO  Application:35 - *****INITIALIZATION STARTED******
2019-01-08 14:27:16 INFO  Application:38 - *****INITIALIZATION COMPLETED******
2019-01-08 14:28:24 INFO  Application:35 - *****INITIALIZATION STARTED******
2019-01-08 14:28:24 INFO  Application:38 - *****INITIALIZATION COMPLETED******
2019-01-08 14:29:15 INFO  Application:35 - *****INITIALIZATION STARTED******
2019-01-08 14:29:15 INFO  Application:38 - *****INITIALIZATION COMPLETED******
2019-01-08 14:30:36 INFO  Application:35 - *****INITIALIZATION STARTED******
2019-01-08 14:30:36 INFO  Application:38 - *****INITIALIZATION COMPLETED******
2019-01-08 14:35:01 INFO  Application:35 - *****INITIALIZATION STARTED******
2019-01-08 14:35:01 INFO  Application:38 - *****INITIALIZATION COMPLETED******
2019-01-08 14:44:47 INFO  Application:33 - *****INITIALIZATION STARTED******
2019-01-08 14:44:47 INFO  Application:36 - *****INITIALIZATION COMPLETED******
2019-01-08 14:44:49 INFO  Application:43 - Console mode started
2019-01-08 14:47:03 INFO  Application:33 - *****INITIALIZATION STARTED******
2019-01-08 14:47:03 INFO  Application:36 - *****INITIALIZATION COMPLETED******
2019-01-08 14:47:05 INFO  Application:101 - Web service mode startet
2019-01-08 14:51:11 INFO  Application:33 - *****INITIALIZATION STARTED******
2019-01-08 14:51:11 INFO  Application:36 - *****INITIALIZATION COMPLETED******
2019-01-08 14:54:34 INFO  Application:101 - Web service mode startet
2019-01-08 14:56:00 INFO  TransactionService:38 - *****NEW TRANSACTION*****
2019-01-08 15:08:42 INFO  Application:34 - *****INITIALIZATION STARTED******
2019-01-08 15:08:42 INFO  Application:37 - *****INITIALIZATION COMPLETED******
2019-01-08 15:08:46 INFO  Application:44 - Console mode started
2019-01-08 15:10:26 INFO  Application:34 - *****INITIALIZATION STARTED******
2019-01-08 15:10:26 INFO  Application:37 - *****INITIALIZATION COMPLETED******
2019-01-08 15:10:39 INFO  Application:34 - *****INITIALIZATION STARTED******
2019-01-08 15:10:39 INFO  Application:37 - *****INITIALIZATION COMPLETED******
2019-01-08 15:10:42 INFO  Application:44 - Console mode started
2019-01-08 15:13:05 INFO  Application:34 - *****INITIALIZATION STARTED******
2019-01-08 15:13:05 INFO  Application:37 - *****INITIALIZATION COMPLETED******
2019-01-08 15:13:14 INFO  Application:44 - Console mode started
2019-01-08 15:14:03 INFO  Application:34 - *****INITIALIZATION STARTED******
2019-01-08 15:14:03 INFO  Application:37 - *****INITIALIZATION COMPLETED******
2019-01-08 15:14:07 INFO  Application:44 - Console mode started
2019-01-08 15:44:06 INFO  Application:34 - *****INITIALIZATION STARTED******
2019-01-08 15:44:06 INFO  Application:37 - *****INITIALIZATION COMPLETED******
2019-01-08 15:44:12 INFO  Application:102 - Web service mode started
2019-01-08 15:44:32 INFO  TransactionService:38 - *****NEW TRANSACTION*****
2019-01-08 16:27:32 INFO  Application:34 - *****INITIALIZATION STARTED******
2019-01-08 16:27:32 INFO  Application:37 - *****INITIALIZATION COMPLETED******
2019-01-08 16:27:35 INFO  Application:102 - Web service mode started
2019-01-08 16:27:52 INFO  TransactionService:38 - *****NEW TRANSACTION*****
2019-01-08 17:01:43 INFO  Application:34 - *****INITIALIZATION STARTED******
2019-01-08 17:01:43 INFO  Application:37 - *****INITIALIZATION COMPLETED******
2019-01-08 17:01:46 INFO  Application:102 - Web service mode started
2019-01-08 17:14:14 INFO  Application:34 - *****INITIALIZATION STARTED******
2019-01-08 17:14:14 INFO  Application:37 - *****INITIALIZATION COMPLETED******
2019-01-08 17:14:16 INFO  Application:102 - Web service mode started
2019-01-08 17:15:59 INFO  Application:34 - *****INITIALIZATION STARTED******
2019-01-08 17:15:59 INFO  Application:37 - *****INITIALIZATION COMPLETED******
2019-01-08 17:16:02 INFO  Application:102 - Web service mode started
